

> @vue/devtools@7.7.2 build /Users/kang-wooyong/Downloads/devtools-main/packages/devtools
> tsup --clean

[34mCLI[39m Building entry: src/hook.ts, src/index.ts
[34mCLI[39m Using tsconfig: ../../tsconfig.json
[34mCLI[39m tsup v8.4.0
[34mCLI[39m Using tsup config: /Users/kang-wooyong/Downloads/devtools-main/packages/devtools/tsup.config.ts
[34mCLI[39m Target: es2018
[34mCLI[39m Cleaning output folder
[34mESM[39m Build start
[34mCJS[39m Build start
[32mESM[39m [1mdist/hook.js  [22m[32m78.00 B[39m
[32mESM[39m [1mdist/index.js [22m[32m406.00 B[39m
[32mESM[39m ⚡️ Build success in 56ms
[32mCJS[39m [1mdist/hook.cjs  [22m[32m123.00 B[39m
[32mCJS[39m [1mdist/index.cjs [22m[32m1.68 KB[39m
[32mCJS[39m ⚡️ Build success in 57ms
DTS Build start
DTS ⚡️ Build success in 4758ms
DTS dist/hook.d.ts   13.00 B
DTS dist/index.d.ts  2.31 KB
DTS dist/hook.d.cts  13.00 B
DTS dist/index.d.cts 2.31 KB
