

> @vue/devtools-ui@7.7.2 build /Users/kang-wooyong/Downloads/devtools-main/packages/ui
> tsx ./scripts/update-icons.ts && vite build

No need to update ic icons
[36mvite v6.2.0 [32mbuilding for production...[36m[39m
[96msrc/components/Select.vue[0m:[93m36[0m:[93m7[0m - [91merror[0m[90m TS7022: [0m'slots' implicitly has type 'any' because it does not have a type annotation and is referenced directly or indirectly in its own initializer.

[7m36[0m const slots = useSlots()
[7m  [0m [91m      ~~~~~[0m
[96msrc/components/Select.vue[0m:[93m61[0m:[93m3[0m - [91merror[0m[90m TS7022: [0m'__VLS_1' implicitly has type 'any' because it does not have a type annotation and is referenced directly or indirectly in its own initializer.

[7m 61[0m   <VueDropdown
[7m   [0m [91m  ~~~~~~~~~~~~[0m
[7m 62[0m     :label="label"
[7m   [0m [91m~~~~~~~~~~~~~~~~~~[0m
[7m...[0m 
[7m104[0m     </template>
[7m   [0m [91m~~~~~~~~~~~~~~~[0m
[7m105[0m   </VueDropdown>
[7m   [0m [91m~~~~~~~~~~~~~~~~[0m

[2K[1Gtransforming (1) [2mtheme/index.ts[22m[2K[1Gtransforming (13) [2msrc/components/LoadingIndicator.vue[22m[2K[1Gtransforming (22) [2msrc/components/DropdownButton.vue[22m[2K[1Gtransforming (55) [2msrc/composables/shiki.ts[22m[2K[1G[32m✓[39m 56 modules transformed.
[2K[1Grendering chunks (1)...[2K[1Grendering chunks (2)...[2K[1Grendering chunks (3)...[2K[1Grendering chunks (4)...[2K[1Grendering chunks (5)...[2K[1G[32m
[36m[vite:dts][32m Start generate declaration files...[39m
[2K[1Gcomputing gzip size (0)...[2K[1Gcomputing gzip size (1)...[2K[1Gcomputing gzip size (2)...[2K[1Gcomputing gzip size (3)...[2K[1Gcomputing gzip size (4)...[32m[36m[vite:dts][32m Declaration files built in 4675ms.
[39m
[2K[1Gcomputing gzip size (5)...[2K[1G[2mdist/[22m[35mstyle.css                  [39m[1m[2m  4.95 kB[22m[1m[22m[2m │ gzip:   1.04 kB[22m
[2mdist/[22m[35muno.css                    [39m[1m[2m 35.15 kB[22m[1m[22m[2m │ gzip:   6.37 kB[22m
[2mdist/[22m[36mtheme.js                   [39m[1m[2m  4.07 kB[22m[1m[22m[2m │ gzip:   1.52 kB[22m
[2mdist/[22m[36mindex.js                   [39m[1m[2m 36.61 kB[22m[1m[22m[2m │ gzip:   9.60 kB[22m
[2mdist/[22m[36mic-icons-data-B4q1VTSq.js  [39m[1m[33m655.36 kB[39m[22m[2m │ gzip: 190.03 kB[22m
[2K[1Grendering chunks (1)...[2K[1Grendering chunks (2)...[2K[1Grendering chunks (3)...[2K[1Grendering chunks (4)...[2K[1Grendering chunks (5)...[2K[1G[2K[1Gcomputing gzip size (1)...[2K[1Gcomputing gzip size (2)...[2K[1Gcomputing gzip size (3)...[2K[1Gcomputing gzip size (4)...[2K[1Gcomputing gzip size (5)...[2K[1G[2mdist/[22m[35mstyle.css                   [39m[1m[2m  4.95 kB[22m[1m[22m[2m │ gzip:   1.04 kB[22m
[2mdist/[22m[35muno.css                     [39m[1m[2m 35.15 kB[22m[1m[22m[2m │ gzip:   6.37 kB[22m
[2mdist/[22m[36mtheme.cjs                   [39m[1m[2m  3.26 kB[22m[1m[22m[2m │ gzip:   1.40 kB[22m
[2mdist/[22m[36mindex.cjs                   [39m[1m[2m 29.89 kB[22m[1m[22m[2m │ gzip:   8.59 kB[22m
[2mdist/[22m[36mic-icons-data-G1Zhc3L0.cjs  [39m[1m[33m646.60 kB[39m[22m[2m │ gzip: 189.61 kB[22m
[32m✓ built in 6.04s[39m
